[0.441s] DEBUG:colcon:Command line arguments: ['/usr/bin/colcon', 'build', '--symlink-install']
[0.441s] DEBUG:colcon:Parsed command line arguments: Namespace(log_base=None, log_level=None, verb_name='build', build_base='build', install_base='install', merge_install=False, symlink_install=True, test_result_base=None, continue_on_error=False, executor='parallel', parallel_workers=16, event_handlers=None, ignore_user_meta=False, metas=['./colcon.meta'], base_paths=['.'], packages_ignore=None, packages_ignore_regex=None, paths=None, packages_up_to=None, packages_up_to_regex=None, packages_above=None, packages_above_and_dependencies=None, packages_above_depth=None, packages_select_by_dep=None, packages_skip_by_dep=None, packages_skip_up_to=None, packages_select_build_failed=False, packages_skip_build_finished=False, packages_select_test_failures=False, packages_skip_test_passed=False, packages_select=None, packages_skip=None, packages_select_regex=None, packages_skip_regex=None, packages_start=None, packages_end=None, allow_overriding=[], cmake_args=None, cmake_target=None, cmake_target_skip_unavailable=False, cmake_clean_cache=False, cmake_clean_first=False, cmake_force_configure=False, ament_cmake_args=None, catkin_cmake_args=None, catkin_skip_building_tests=False, verb_parser=<colcon_defaults.argument_parser.defaults.DefaultArgumentsDecorator object at 0x7fbbed1df9a0>, verb_extension=<colcon_core.verb.build.BuildVerb object at 0x7fbbed18c940>, main=<bound method BuildVerb.main of <colcon_core.verb.build.BuildVerb object at 0x7fbbed18c940>>)
[0.464s] Level 1:colcon.colcon_core.package_discovery:discover_packages(colcon_meta) check parameters
[0.464s] Level 1:colcon.colcon_core.package_discovery:discover_packages(recursive) check parameters
[0.464s] Level 1:colcon.colcon_core.package_discovery:discover_packages(ignore) check parameters
[0.464s] Level 1:colcon.colcon_core.package_discovery:discover_packages(path) check parameters
[0.464s] Level 1:colcon.colcon_core.package_discovery:discover_packages(colcon_meta) discover
[0.464s] Level 1:colcon.colcon_core.package_discovery:discover_packages(recursive) discover
[0.464s] INFO:colcon.colcon_core.package_discovery:Crawling recursively for packages in '/home/robomaster/ros2-hik-camera'
[0.464s] Level 1:colcon.colcon_core.package_identification:_identify(.) by extensions ['ignore', 'ignore_ament_install']
[0.464s] Level 1:colcon.colcon_core.package_identification:_identify(.) by extension 'ignore'
[0.464s] Level 1:colcon.colcon_core.package_identification:_identify(.) by extension 'ignore_ament_install'
[0.465s] Level 1:colcon.colcon_core.package_identification:_identify(.) by extensions ['colcon_pkg']
[0.465s] Level 1:colcon.colcon_core.package_identification:_identify(.) by extension 'colcon_pkg'
[0.465s] Level 1:colcon.colcon_core.package_identification:_identify(.) by extensions ['colcon_meta']
[0.465s] Level 1:colcon.colcon_core.package_identification:_identify(.) by extension 'colcon_meta'
[0.465s] Level 1:colcon.colcon_core.package_identification:_identify(.) by extensions ['ros']
[0.465s] Level 1:colcon.colcon_core.package_identification:_identify(.) by extension 'ros'
[0.473s] DEBUG:colcon.colcon_core.package_identification:Package '.' with type 'ros.ament_cmake' and name 'hik_camera'
[0.473s] Level 1:colcon.colcon_core.package_discovery:discover_packages(recursive) using defaults
[0.473s] Level 1:colcon.colcon_core.package_discovery:discover_packages(ignore) discover
[0.473s] Level 1:colcon.colcon_core.package_discovery:discover_packages(ignore) using defaults
[0.473s] Level 1:colcon.colcon_core.package_discovery:discover_packages(path) discover
[0.473s] Level 1:colcon.colcon_core.package_discovery:discover_packages(path) using defaults
[0.526s] Level 1:colcon.colcon_core.package_discovery:discover_packages(prefix_path) check parameters
[0.526s] Level 1:colcon.colcon_core.package_discovery:discover_packages(prefix_path) discover
[0.539s] DEBUG:colcon.colcon_installed_package_information.package_discovery:Found 329 installed packages in /opt/ros/humble
[0.540s] Level 1:colcon.colcon_core.package_discovery:discover_packages(prefix_path) using defaults
[0.589s] Level 5:colcon.colcon_core.verb:set package 'hik_camera' build argument 'cmake_args' from command line to 'None'
[0.589s] Level 5:colcon.colcon_core.verb:set package 'hik_camera' build argument 'cmake_target' from command line to 'None'
[0.589s] Level 5:colcon.colcon_core.verb:set package 'hik_camera' build argument 'cmake_target_skip_unavailable' from command line to 'False'
[0.589s] Level 5:colcon.colcon_core.verb:set package 'hik_camera' build argument 'cmake_clean_cache' from command line to 'False'
[0.589s] Level 5:colcon.colcon_core.verb:set package 'hik_camera' build argument 'cmake_clean_first' from command line to 'False'
[0.589s] Level 5:colcon.colcon_core.verb:set package 'hik_camera' build argument 'cmake_force_configure' from command line to 'False'
[0.589s] Level 5:colcon.colcon_core.verb:set package 'hik_camera' build argument 'ament_cmake_args' from command line to 'None'
[0.589s] Level 5:colcon.colcon_core.verb:set package 'hik_camera' build argument 'catkin_cmake_args' from command line to 'None'
[0.589s] Level 5:colcon.colcon_core.verb:set package 'hik_camera' build argument 'catkin_skip_building_tests' from command line to 'False'
[0.589s] DEBUG:colcon.colcon_core.verb:Building package 'hik_camera' with the following arguments: {'ament_cmake_args': None, 'build_base': '/home/robomaster/ros2-hik-camera/build/hik_camera', 'catkin_cmake_args': None, 'catkin_skip_building_tests': False, 'cmake_args': None, 'cmake_clean_cache': False, 'cmake_clean_first': False, 'cmake_force_configure': False, 'cmake_target': None, 'cmake_target_skip_unavailable': False, 'install_base': '/home/robomaster/ros2-hik-camera/install/hik_camera', 'merge_install': False, 'path': '/home/robomaster/ros2-hik-camera', 'symlink_install': True, 'test_result_base': None}
[0.595s] INFO:colcon.colcon_core.executor:Executing jobs using 'parallel' executor
[0.602s] DEBUG:colcon.colcon_parallel_executor.executor.parallel:run_until_complete
[0.602s] INFO:colcon.colcon_ros.task.ament_cmake.build:Building ROS package in '/home/robomaster/ros2-hik-camera' with build type 'ament_cmake'
[0.603s] INFO:colcon.colcon_cmake.task.cmake.build:Building CMake package in '/home/robomaster/ros2-hik-camera'
[0.610s] INFO:colcon.colcon_core.plugin_system:Skipping extension 'colcon_core.shell.bat': Not used on non-Windows systems
[0.611s] INFO:colcon.colcon_core.shell:Skip shell extension 'powershell' for command environment: Not usable outside of PowerShell
[0.611s] DEBUG:colcon.colcon_core.shell:Skip shell extension 'dsv' for command environment
[0.629s] DEBUG:colcon.colcon_core.event_handler.log_command:Invoking command in '/home/robomaster/ros2-hik-camera/build/hik_camera': CMAKE_PREFIX_PATH=/opt/ros/humble /usr/bin/cmake --build /home/robomaster/ros2-hik-camera/build/hik_camera -- -j16 -l16
[2.646s] DEBUG:colcon.colcon_core.event_handler.log_command:Invoked command in '/home/robomaster/ros2-hik-camera/build/hik_camera' returned '0': CMAKE_PREFIX_PATH=/opt/ros/humble /usr/bin/cmake --build /home/robomaster/ros2-hik-camera/build/hik_camera -- -j16 -l16
[2.669s] DEBUG:colcon.colcon_core.event_handler.log_command:Invoking command in '/home/robomaster/ros2-hik-camera/build/hik_camera': CMAKE_PREFIX_PATH=/opt/ros/humble /usr/bin/cmake --install /home/robomaster/ros2-hik-camera/build/hik_camera
[2.684s] Level 1:colcon.colcon_core.environment:create_environment_scripts_only(hik_camera)
[2.685s] DEBUG:colcon.colcon_core.event_handler.log_command:Invoked command in '/home/robomaster/ros2-hik-camera/build/hik_camera' returned '0': CMAKE_PREFIX_PATH=/opt/ros/humble /usr/bin/cmake --install /home/robomaster/ros2-hik-camera/build/hik_camera
[2.692s] Level 1:colcon.colcon_core.environment:checking '/home/robomaster/ros2-hik-camera/install/hik_camera' for CMake module files
[2.692s] Level 1:colcon.colcon_core.environment:checking '/home/robomaster/ros2-hik-camera/install/hik_camera' for CMake config files
[2.693s] Level 1:colcon.colcon_core.shell:create_environment_hook('hik_camera', 'cmake_prefix_path')
[2.699s] INFO:colcon.colcon_core.shell:Creating environment hook '/home/robomaster/ros2-hik-camera/install/hik_camera/share/hik_camera/hook/cmake_prefix_path.ps1'
[2.699s] INFO:colcon.colcon_core.shell:Creating environment descriptor '/home/robomaster/ros2-hik-camera/install/hik_camera/share/hik_camera/hook/cmake_prefix_path.dsv'
[2.699s] INFO:colcon.colcon_core.shell:Creating environment hook '/home/robomaster/ros2-hik-camera/install/hik_camera/share/hik_camera/hook/cmake_prefix_path.sh'
[2.700s] Level 1:colcon.colcon_core.environment:checking '/home/robomaster/ros2-hik-camera/install/hik_camera/lib'
[2.700s] Level 1:colcon.colcon_core.shell:create_environment_hook('hik_camera', 'ld_library_path_lib')
[2.706s] INFO:colcon.colcon_core.shell:Creating environment hook '/home/robomaster/ros2-hik-camera/install/hik_camera/share/hik_camera/hook/ld_library_path_lib.ps1'
[2.706s] INFO:colcon.colcon_core.shell:Creating environment descriptor '/home/robomaster/ros2-hik-camera/install/hik_camera/share/hik_camera/hook/ld_library_path_lib.dsv'
[2.706s] INFO:colcon.colcon_core.shell:Creating environment hook '/home/robomaster/ros2-hik-camera/install/hik_camera/share/hik_camera/hook/ld_library_path_lib.sh'
[2.706s] Level 1:colcon.colcon_core.environment:checking '/home/robomaster/ros2-hik-camera/install/hik_camera/bin'
[2.706s] Level 1:colcon.colcon_core.environment:checking '/home/robomaster/ros2-hik-camera/install/hik_camera/lib/pkgconfig/hik_camera.pc'
[2.707s] Level 1:colcon.colcon_core.environment:checking '/home/robomaster/ros2-hik-camera/install/hik_camera/lib/python3.10/site-packages'
[2.707s] Level 1:colcon.colcon_core.environment:checking '/home/robomaster/ros2-hik-camera/install/hik_camera/bin'
[2.713s] INFO:colcon.colcon_core.shell:Creating package script '/home/robomaster/ros2-hik-camera/install/hik_camera/share/hik_camera/package.ps1'
[2.713s] INFO:colcon.colcon_core.shell:Creating package descriptor '/home/robomaster/ros2-hik-camera/install/hik_camera/share/hik_camera/package.dsv'
[2.714s] INFO:colcon.colcon_core.shell:Creating package script '/home/robomaster/ros2-hik-camera/install/hik_camera/share/hik_camera/package.sh'
[2.714s] INFO:colcon.colcon_core.shell:Creating package script '/home/robomaster/ros2-hik-camera/install/hik_camera/share/hik_camera/package.bash'
[2.714s] INFO:colcon.colcon_core.shell:Creating package script '/home/robomaster/ros2-hik-camera/install/hik_camera/share/hik_camera/package.zsh'
[2.715s] Level 1:colcon.colcon_core.environment:create_file_with_runtime_dependencies(/home/robomaster/ros2-hik-camera/install/hik_camera/share/colcon-core/packages/hik_camera)
[2.738s] Level 1:colcon.colcon_core.environment:create_environment_scripts_only(hik_camera)
[2.745s] Level 1:colcon.colcon_core.environment:checking '/home/robomaster/ros2-hik-camera/install/hik_camera' for CMake module files
[2.745s] Level 1:colcon.colcon_core.environment:checking '/home/robomaster/ros2-hik-camera/install/hik_camera' for CMake config files
[2.745s] Level 1:colcon.colcon_core.shell:create_environment_hook('hik_camera', 'cmake_prefix_path')
[2.751s] INFO:colcon.colcon_core.shell:Creating environment hook '/home/robomaster/ros2-hik-camera/install/hik_camera/share/hik_camera/hook/cmake_prefix_path.ps1'
[2.751s] INFO:colcon.colcon_core.shell:Creating environment descriptor '/home/robomaster/ros2-hik-camera/install/hik_camera/share/hik_camera/hook/cmake_prefix_path.dsv'
[2.752s] INFO:colcon.colcon_core.shell:Creating environment hook '/home/robomaster/ros2-hik-camera/install/hik_camera/share/hik_camera/hook/cmake_prefix_path.sh'
[2.752s] Level 1:colcon.colcon_core.environment:checking '/home/robomaster/ros2-hik-camera/install/hik_camera/lib'
[2.752s] Level 1:colcon.colcon_core.shell:create_environment_hook('hik_camera', 'ld_library_path_lib')
[2.758s] INFO:colcon.colcon_core.shell:Creating environment hook '/home/robomaster/ros2-hik-camera/install/hik_camera/share/hik_camera/hook/ld_library_path_lib.ps1'
[2.758s] INFO:colcon.colcon_core.shell:Creating environment descriptor '/home/robomaster/ros2-hik-camera/install/hik_camera/share/hik_camera/hook/ld_library_path_lib.dsv'
[2.758s] INFO:colcon.colcon_core.shell:Creating environment hook '/home/robomaster/ros2-hik-camera/install/hik_camera/share/hik_camera/hook/ld_library_path_lib.sh'
[2.758s] Level 1:colcon.colcon_core.environment:checking '/home/robomaster/ros2-hik-camera/install/hik_camera/bin'
[2.758s] Level 1:colcon.colcon_core.environment:checking '/home/robomaster/ros2-hik-camera/install/hik_camera/lib/pkgconfig/hik_camera.pc'
[2.758s] Level 1:colcon.colcon_core.environment:checking '/home/robomaster/ros2-hik-camera/install/hik_camera/lib/python3.10/site-packages'
[2.759s] Level 1:colcon.colcon_core.environment:checking '/home/robomaster/ros2-hik-camera/install/hik_camera/bin'
[2.765s] INFO:colcon.colcon_core.shell:Creating package script '/home/robomaster/ros2-hik-camera/install/hik_camera/share/hik_camera/package.ps1'
[2.765s] INFO:colcon.colcon_core.shell:Creating package descriptor '/home/robomaster/ros2-hik-camera/install/hik_camera/share/hik_camera/package.dsv'
[2.766s] INFO:colcon.colcon_core.shell:Creating package script '/home/robomaster/ros2-hik-camera/install/hik_camera/share/hik_camera/package.sh'
[2.766s] INFO:colcon.colcon_core.shell:Creating package script '/home/robomaster/ros2-hik-camera/install/hik_camera/share/hik_camera/package.bash'
[2.766s] INFO:colcon.colcon_core.shell:Creating package script '/home/robomaster/ros2-hik-camera/install/hik_camera/share/hik_camera/package.zsh'
[2.766s] Level 1:colcon.colcon_core.environment:create_file_with_runtime_dependencies(/home/robomaster/ros2-hik-camera/install/hik_camera/share/colcon-core/packages/hik_camera)
[2.766s] DEBUG:colcon.colcon_parallel_executor.executor.parallel:closing loop
[2.766s] DEBUG:colcon.colcon_parallel_executor.executor.parallel:loop closed
[2.766s] DEBUG:colcon.colcon_parallel_executor.executor.parallel:run_until_complete finished with '0'
[2.766s] DEBUG:colcon.colcon_core.event_reactor:joining thread
[2.776s] INFO:colcon.colcon_core.plugin_system:Skipping extension 'colcon_notification.desktop_notification.terminal_notifier': Not used on non-Darwin systems
[2.776s] INFO:colcon.colcon_core.plugin_system:Skipping extension 'colcon_notification.desktop_notification.win32': Not used on non-Windows systems
[2.776s] INFO:colcon.colcon_notification.desktop_notification:Sending desktop notification using 'notify2'
[2.789s] DEBUG:colcon.colcon_core.event_reactor:joined thread
[2.796s] INFO:colcon.colcon_core.shell:Creating prefix script '/home/robomaster/ros2-hik-camera/install/local_setup.ps1'
[2.797s] INFO:colcon.colcon_core.shell:Creating prefix util module '/home/robomaster/ros2-hik-camera/install/_local_setup_util_ps1.py'
[2.797s] INFO:colcon.colcon_core.shell:Creating prefix chain script '/home/robomaster/ros2-hik-camera/install/setup.ps1'
[2.804s] INFO:colcon.colcon_core.shell:Creating prefix script '/home/robomaster/ros2-hik-camera/install/local_setup.sh'
[2.804s] INFO:colcon.colcon_core.shell:Creating prefix util module '/home/robomaster/ros2-hik-camera/install/_local_setup_util_sh.py'
[2.805s] INFO:colcon.colcon_core.shell:Creating prefix chain script '/home/robomaster/ros2-hik-camera/install/setup.sh'
[2.821s] INFO:colcon.colcon_core.shell:Creating prefix script '/home/robomaster/ros2-hik-camera/install/local_setup.bash'
[2.821s] INFO:colcon.colcon_core.shell:Creating prefix chain script '/home/robomaster/ros2-hik-camera/install/setup.bash'
[2.828s] INFO:colcon.colcon_core.shell:Creating prefix script '/home/robomaster/ros2-hik-camera/install/local_setup.zsh'
[2.828s] INFO:colcon.colcon_core.shell:Creating prefix chain script '/home/robomaster/ros2-hik-camera/install/setup.zsh'
