[0.026s] Invoking command in '/home/robomaster/ros2-hik-camera/build/hik_camera': CMAKE_PREFIX_PATH=/opt/ros/humble /usr/bin/cmake --build /home/robomaster/ros2-hik-camera/build/hik_camera -- -j16 -l16
[0.053s] [35m[1mConsolidate compiler generated dependencies of target hik_camera[0m
[0.061s] [ 50%] Built target hik_camera_node
[0.064s] [ 75%] [32mBuilding CXX object CMakeFiles/hik_camera.dir/src/hik_camera_node.cpp.o[0m
[1.949s] [100%] [32m[1mLinking CXX shared library libhik_camera.so[0m
[2.035s] [100%] Built target hik_camera
[2.043s] Invoked command in '/home/robomaster/ros2-hik-camera/build/hik_camera' returned '0': CMAKE_PREFIX_PATH=/opt/ros/humble /usr/bin/cmake --build /home/robomaster/ros2-hik-camera/build/hik_camera -- -j16 -l16
[2.066s] Invoking command in '/home/robomaster/ros2-hik-camera/build/hik_camera': CMAKE_PREFIX_PATH=/opt/ros/humble /usr/bin/cmake --install /home/robomaster/ros2-hik-camera/build/hik_camera
[2.071s] -- Install configuration: ""
[2.071s] -- Execute custom install script
[2.071s] -- Up-to-date symlink: /home/robomaster/ros2-hik-camera/install/hik_camera/lib/libFormatConversion.so
[2.072s] -- Up-to-date symlink: /home/robomaster/ros2-hik-camera/install/hik_camera/lib/libMVRender.so
[2.072s] -- Up-to-date symlink: /home/robomaster/ros2-hik-camera/install/hik_camera/lib/libMediaProcess.so
[2.072s] -- Up-to-date symlink: /home/robomaster/ros2-hik-camera/install/hik_camera/lib/libMvCameraControl.so
[2.072s] -- Up-to-date symlink: /home/robomaster/ros2-hik-camera/install/hik_camera/lib/libMvUsb3vTL.so
[2.072s] -- Up-to-date symlink: /home/robomaster/ros2-hik-camera/install/hik_camera/lib/hik_camera/hik_camera_node
[2.072s] -- Up-to-date symlink: /home/robomaster/ros2-hik-camera/install/hik_camera/share/hik_camera/environment/library_path.sh
[2.072s] -- Up-to-date symlink: /home/robomaster/ros2-hik-camera/install/hik_camera/share/hik_camera/environment/library_path.dsv
[2.072s] -- Up-to-date symlink: /home/robomaster/ros2-hik-camera/install/hik_camera/lib/libhik_camera.so
[2.073s] -- Up-to-date symlink: /home/robomaster/ros2-hik-camera/install/hik_camera/share/hik_camera/config/camera_info.yaml
[2.073s] -- Up-to-date symlink: /home/robomaster/ros2-hik-camera/install/hik_camera/share/hik_camera/config/camera_params.yaml
[2.073s] -- Up-to-date symlink: /home/robomaster/ros2-hik-camera/install/hik_camera/share/hik_camera/launch/hik_camera.launch.py
[2.073s] -- Up-to-date symlink: /home/robomaster/ros2-hik-camera/install/hik_camera/share/ament_index/resource_index/package_run_dependencies/hik_camera
[2.073s] -- Up-to-date symlink: /home/robomaster/ros2-hik-camera/install/hik_camera/share/ament_index/resource_index/parent_prefix_path/hik_camera
[2.073s] -- Up-to-date symlink: /home/robomaster/ros2-hik-camera/install/hik_camera/share/hik_camera/environment/ament_prefix_path.sh
[2.073s] -- Up-to-date symlink: /home/robomaster/ros2-hik-camera/install/hik_camera/share/hik_camera/environment/ament_prefix_path.dsv
[2.073s] -- Up-to-date symlink: /home/robomaster/ros2-hik-camera/install/hik_camera/share/hik_camera/environment/path.sh
[2.073s] -- Up-to-date symlink: /home/robomaster/ros2-hik-camera/install/hik_camera/share/hik_camera/environment/path.dsv
[2.073s] -- Up-to-date symlink: /home/robomaster/ros2-hik-camera/install/hik_camera/share/hik_camera/local_setup.bash
[2.073s] -- Up-to-date symlink: /home/robomaster/ros2-hik-camera/install/hik_camera/share/hik_camera/local_setup.sh
[2.073s] -- Up-to-date symlink: /home/robomaster/ros2-hik-camera/install/hik_camera/share/hik_camera/local_setup.zsh
[2.073s] -- Up-to-date symlink: /home/robomaster/ros2-hik-camera/install/hik_camera/share/hik_camera/local_setup.dsv
[2.074s] -- Symlinking: /home/robomaster/ros2-hik-camera/install/hik_camera/share/hik_camera/package.dsv
[2.079s] -- Up-to-date symlink: /home/robomaster/ros2-hik-camera/install/hik_camera/share/ament_index/resource_index/packages/hik_camera
[2.079s] -- Up-to-date symlink: /home/robomaster/ros2-hik-camera/install/hik_camera/share/ament_index/resource_index/rclcpp_components/hik_camera
[2.080s] -- Up-to-date symlink: /home/robomaster/ros2-hik-camera/install/hik_camera/share/hik_camera/cmake/ament_cmake_export_dependencies-extras.cmake
[2.080s] -- Up-to-date symlink: /home/robomaster/ros2-hik-camera/install/hik_camera/share/hik_camera/cmake/ament_cmake_export_libraries-extras.cmake
[2.080s] -- Up-to-date symlink: /home/robomaster/ros2-hik-camera/install/hik_camera/share/hik_camera/cmake/hik_cameraConfig.cmake
[2.080s] -- Up-to-date symlink: /home/robomaster/ros2-hik-camera/install/hik_camera/share/hik_camera/cmake/hik_cameraConfig-version.cmake
[2.080s] -- Up-to-date symlink: /home/robomaster/ros2-hik-camera/install/hik_camera/share/hik_camera/package.xml
[2.082s] Invoked command in '/home/robomaster/ros2-hik-camera/build/hik_camera' returned '0': CMAKE_PREFIX_PATH=/opt/ros/humble /usr/bin/cmake --install /home/robomaster/ros2-hik-camera/build/hik_camera
