[0.022s] Invoking command in '/home/robomaster/ros2-hik-camera/build/hik_camera': CMAKE_PREFIX_PATH=/opt/ros/humble /usr/bin/cmake /home/robomaster/ros2-hik-camera -DAMENT_CMAKE_SYMLINK_INSTALL=1 -DCMAKE_INSTALL_PREFIX=/home/robomaster/ros2-hik-camera/install/hik_camera
[0.055s] -- The C compiler identification is GNU 11.4.0
[0.087s] -- The CXX compiler identification is GNU 11.4.0
[0.091s] -- Detecting C compiler ABI info
[0.132s] -- Detecting C compiler ABI info - done
[0.137s] -- Check for working C compiler: /usr/bin/cc - skipped
[0.137s] -- Detecting C compile features
[0.137s] -- Detecting C compile features - done
[0.139s] -- Detecting CXX compiler ABI info
[0.186s] -- Detecting CXX compiler ABI info - done
[0.190s] -- Check for working CXX compiler: /usr/bin/c++ - skipped
[0.190s] -- Detecting CXX compile features
[0.191s] -- Detecting CXX compile features - done
[0.192s] -- Found ament_cmake_auto: 1.3.7 (/opt/ros/humble/share/ament_cmake_auto/cmake)
[0.290s] -- Found Python3: /usr/bin/python3.10 (found version "3.10.12") found components: Interpreter 
[0.325s] -- Override CMake install command with custom implementation using symlinks instead of copying resources
[0.400s] -- Found rosidl_generator_c: 3.1.5 (/opt/ros/humble/share/rosidl_generator_c/cmake)
[0.402s] -- Found rosidl_adapter: 3.1.5 (/opt/ros/humble/share/rosidl_adapter/cmake)
[0.407s] -- Found rosidl_generator_cpp: 3.1.5 (/opt/ros/humble/share/rosidl_generator_cpp/cmake)
[0.414s] -- Using all available rosidl_typesupport_c: rosidl_typesupport_fastrtps_c;rosidl_typesupport_introspection_c
[0.424s] -- Using all available rosidl_typesupport_cpp: rosidl_typesupport_fastrtps_cpp;rosidl_typesupport_introspection_cpp
[0.463s] -- Found rmw_implementation_cmake: 6.1.1 (/opt/ros/humble/share/rmw_implementation_cmake/cmake)
[0.464s] -- Found rmw_fastrtps_cpp: 6.2.6 (/opt/ros/humble/share/rmw_fastrtps_cpp/cmake)
[0.518s] -- Found OpenSSL: /usr/lib/x86_64-linux-gnu/libcrypto.so (found version "3.0.2")  
[0.533s] -- Found FastRTPS: /opt/ros/humble/include  
[0.560s] -- Using RMW implementation 'rmw_fastrtps_cpp' as default
[0.565s] -- Looking for pthread.h
[0.607s] -- Looking for pthread.h - found
[0.607s] -- Performing Test CMAKE_HAVE_LIBC_PTHREAD
[0.650s] -- Performing Test CMAKE_HAVE_LIBC_PTHREAD - Success
[0.650s] -- Found Threads: TRUE  
[0.908s] -- Found ament_lint_auto: 0.12.10 (/opt/ros/humble/share/ament_lint_auto/cmake)
[0.924s] -- Added test 'cppcheck' to perform static code analysis on C / C++ code
[0.924s] -- Configured cppcheck include dirs: /home/robomaster/ros2-hik-camera/hikSDK/include
[0.924s] -- Configured cppcheck exclude dirs and/or files: 
[0.925s] -- Added test 'flake8' to check Python code syntax and style conventions
[0.926s] -- Added test 'lint_cmake' to check CMake code style
[0.927s] -- Added test 'pep257' to check Python code against some of the docstring style conventions in PEP 257
[0.927s] -- Added test 'xmllint' to check XML markup files
[0.929s] -- Configuring done
[0.936s] -- Generating done
[0.937s] -- Build files have been written to: /home/robomaster/ros2-hik-camera/build/hik_camera
[0.943s] Invoked command in '/home/robomaster/ros2-hik-camera/build/hik_camera' returned '0': CMAKE_PREFIX_PATH=/opt/ros/humble /usr/bin/cmake /home/robomaster/ros2-hik-camera -DAMENT_CMAKE_SYMLINK_INSTALL=1 -DCMAKE_INSTALL_PREFIX=/home/robomaster/ros2-hik-camera/install/hik_camera
[0.945s] Invoking command in '/home/robomaster/ros2-hik-camera/build/hik_camera': CMAKE_PREFIX_PATH=/opt/ros/humble /usr/bin/cmake --build /home/robomaster/ros2-hik-camera/build/hik_camera -- -j16 -l16
[0.975s] [ 50%] [32mBuilding CXX object CMakeFiles/hik_camera_node.dir/rclcpp_components/node_main_hik_camera_node.cpp.o[0m
[0.975s] [ 50%] [32mBuilding CXX object CMakeFiles/hik_camera.dir/src/hik_camera_node.cpp.o[0m
[2.766s] [ 75%] [32m[1mLinking CXX executable hik_camera_node[0m
[2.853s] [ 75%] Built target hik_camera_node
[2.885s] [100%] [32m[1mLinking CXX shared library libhik_camera.so[0m
[2.977s] [100%] Built target hik_camera
[2.984s] Invoked command in '/home/robomaster/ros2-hik-camera/build/hik_camera' returned '0': CMAKE_PREFIX_PATH=/opt/ros/humble /usr/bin/cmake --build /home/robomaster/ros2-hik-camera/build/hik_camera -- -j16 -l16
[3.006s] Invoking command in '/home/robomaster/ros2-hik-camera/build/hik_camera': CMAKE_PREFIX_PATH=/opt/ros/humble /usr/bin/cmake --install /home/robomaster/ros2-hik-camera/build/hik_camera
[3.010s] -- Install configuration: ""
[3.010s] -- Execute custom install script
[3.010s] -- Symlinking: /home/robomaster/ros2-hik-camera/install/hik_camera/lib/libFormatConversion.so
[3.016s] -- Symlinking: /home/robomaster/ros2-hik-camera/install/hik_camera/lib/libMVRender.so
[3.021s] -- Symlinking: /home/robomaster/ros2-hik-camera/install/hik_camera/lib/libMediaProcess.so
[3.025s] -- Symlinking: /home/robomaster/ros2-hik-camera/install/hik_camera/lib/libMvCameraControl.so
[3.031s] -- Symlinking: /home/robomaster/ros2-hik-camera/install/hik_camera/lib/libMvUsb3vTL.so
[3.036s] -- Symlinking: /home/robomaster/ros2-hik-camera/install/hik_camera/lib/hik_camera/hik_camera_node
[3.041s] -- Symlinking: /home/robomaster/ros2-hik-camera/install/hik_camera/share/hik_camera/environment/library_path.sh
[3.046s] -- Symlinking: /home/robomaster/ros2-hik-camera/install/hik_camera/share/hik_camera/environment/library_path.dsv
[3.051s] -- Symlinking: /home/robomaster/ros2-hik-camera/install/hik_camera/lib/libhik_camera.so
[3.056s] -- Symlinking: /home/robomaster/ros2-hik-camera/install/hik_camera/share/hik_camera/config/camera_info.yaml
[3.061s] -- Symlinking: /home/robomaster/ros2-hik-camera/install/hik_camera/share/hik_camera/config/camera_params.yaml
[3.066s] -- Symlinking: /home/robomaster/ros2-hik-camera/install/hik_camera/share/hik_camera/launch/hik_camera.launch.py
[3.071s] -- Symlinking: /home/robomaster/ros2-hik-camera/install/hik_camera/share/ament_index/resource_index/package_run_dependencies/hik_camera
[3.077s] -- Symlinking: /home/robomaster/ros2-hik-camera/install/hik_camera/share/ament_index/resource_index/parent_prefix_path/hik_camera
[3.082s] -- Symlinking: /home/robomaster/ros2-hik-camera/install/hik_camera/share/hik_camera/environment/ament_prefix_path.sh
[3.087s] -- Symlinking: /home/robomaster/ros2-hik-camera/install/hik_camera/share/hik_camera/environment/ament_prefix_path.dsv
[3.091s] -- Symlinking: /home/robomaster/ros2-hik-camera/install/hik_camera/share/hik_camera/environment/path.sh
[3.096s] -- Symlinking: /home/robomaster/ros2-hik-camera/install/hik_camera/share/hik_camera/environment/path.dsv
[3.101s] -- Symlinking: /home/robomaster/ros2-hik-camera/install/hik_camera/share/hik_camera/local_setup.bash
[3.106s] -- Symlinking: /home/robomaster/ros2-hik-camera/install/hik_camera/share/hik_camera/local_setup.sh
[3.111s] -- Symlinking: /home/robomaster/ros2-hik-camera/install/hik_camera/share/hik_camera/local_setup.zsh
[3.116s] -- Symlinking: /home/robomaster/ros2-hik-camera/install/hik_camera/share/hik_camera/local_setup.dsv
[3.121s] -- Symlinking: /home/robomaster/ros2-hik-camera/install/hik_camera/share/hik_camera/package.dsv
[3.126s] -- Symlinking: /home/robomaster/ros2-hik-camera/install/hik_camera/share/ament_index/resource_index/packages/hik_camera
[3.131s] -- Symlinking: /home/robomaster/ros2-hik-camera/install/hik_camera/share/ament_index/resource_index/rclcpp_components/hik_camera
[3.135s] -- Symlinking: /home/robomaster/ros2-hik-camera/install/hik_camera/share/hik_camera/cmake/ament_cmake_export_dependencies-extras.cmake
[3.141s] -- Symlinking: /home/robomaster/ros2-hik-camera/install/hik_camera/share/hik_camera/cmake/ament_cmake_export_libraries-extras.cmake
[3.146s] -- Symlinking: /home/robomaster/ros2-hik-camera/install/hik_camera/share/hik_camera/cmake/hik_cameraConfig.cmake
[3.150s] -- Symlinking: /home/robomaster/ros2-hik-camera/install/hik_camera/share/hik_camera/cmake/hik_cameraConfig-version.cmake
[3.155s] -- Symlinking: /home/robomaster/ros2-hik-camera/install/hik_camera/share/hik_camera/package.xml
[3.162s] Invoked command in '/home/robomaster/ros2-hik-camera/build/hik_camera' returned '0': CMAKE_PREFIX_PATH=/opt/ros/humble /usr/bin/cmake --install /home/robomaster/ros2-hik-camera/build/hik_camera
