[0.027s] Invoking command in '/home/robomaster/ros2-hik-camera/build/hik_camera': CMAKE_PREFIX_PATH=/opt/ros/humble /usr/bin/cmake --build /home/robomaster/ros2-hik-camera/build/hik_camera -- -j16 -l16
[0.060s] [ 75%] [32mBuilding CXX object CMakeFiles/hik_camera.dir/src/hik_camera_node.cpp.o[0m
[0.060s] [ 75%] Built target hik_camera_node
[1.861s] [100%] [32m[1mLinking CXX shared library libhik_camera.so[0m
[1.944s] [100%] Built target hik_camera
[1.952s] Invoked command in '/home/robomaster/ros2-hik-camera/build/hik_camera' returned '0': CMAKE_PREFIX_PATH=/opt/ros/humble /usr/bin/cmake --build /home/robomaster/ros2-hik-camera/build/hik_camera -- -j16 -l16
[1.973s] Invoking command in '/home/robomaster/ros2-hik-camera/build/hik_camera': CMAKE_PREFIX_PATH=/opt/ros/humble /usr/bin/cmake --install /home/robomaster/ros2-hik-camera/build/hik_camera
[1.977s] -- Install configuration: ""
[1.977s] -- Execute custom install script
[1.977s] -- Up-to-date symlink: /home/robomaster/ros2-hik-camera/install/hik_camera/lib/libFormatConversion.so
[1.978s] -- Up-to-date symlink: /home/robomaster/ros2-hik-camera/install/hik_camera/lib/libMVRender.so
[1.978s] -- Up-to-date symlink: /home/robomaster/ros2-hik-camera/install/hik_camera/lib/libMediaProcess.so
[1.978s] -- Up-to-date symlink: /home/robomaster/ros2-hik-camera/install/hik_camera/lib/libMvCameraControl.so
[1.978s] -- Up-to-date symlink: /home/robomaster/ros2-hik-camera/install/hik_camera/lib/libMvUsb3vTL.so
[1.978s] -- Up-to-date symlink: /home/robomaster/ros2-hik-camera/install/hik_camera/lib/hik_camera/hik_camera_node
[1.978s] -- Up-to-date symlink: /home/robomaster/ros2-hik-camera/install/hik_camera/share/hik_camera/environment/library_path.sh
[1.978s] -- Up-to-date symlink: /home/robomaster/ros2-hik-camera/install/hik_camera/share/hik_camera/environment/library_path.dsv
[1.978s] -- Up-to-date symlink: /home/robomaster/ros2-hik-camera/install/hik_camera/lib/libhik_camera.so
[1.978s] -- Up-to-date symlink: /home/robomaster/ros2-hik-camera/install/hik_camera/share/hik_camera/config/camera_info.yaml
[1.978s] -- Up-to-date symlink: /home/robomaster/ros2-hik-camera/install/hik_camera/share/hik_camera/config/camera_params.yaml
[1.978s] -- Up-to-date symlink: /home/robomaster/ros2-hik-camera/install/hik_camera/share/hik_camera/launch/hik_camera.launch.py
[1.978s] -- Up-to-date symlink: /home/robomaster/ros2-hik-camera/install/hik_camera/share/ament_index/resource_index/package_run_dependencies/hik_camera
[1.978s] -- Up-to-date symlink: /home/robomaster/ros2-hik-camera/install/hik_camera/share/ament_index/resource_index/parent_prefix_path/hik_camera
[1.978s] -- Up-to-date symlink: /home/robomaster/ros2-hik-camera/install/hik_camera/share/hik_camera/environment/ament_prefix_path.sh
[1.978s] -- Up-to-date symlink: /home/robomaster/ros2-hik-camera/install/hik_camera/share/hik_camera/environment/ament_prefix_path.dsv
[1.978s] -- Up-to-date symlink: /home/robomaster/ros2-hik-camera/install/hik_camera/share/hik_camera/environment/path.sh
[1.979s] -- Up-to-date symlink: /home/robomaster/ros2-hik-camera/install/hik_camera/share/hik_camera/environment/path.dsv
[1.979s] -- Up-to-date symlink: /home/robomaster/ros2-hik-camera/install/hik_camera/share/hik_camera/local_setup.bash
[1.979s] -- Up-to-date symlink: /home/robomaster/ros2-hik-camera/install/hik_camera/share/hik_camera/local_setup.sh
[1.979s] -- Up-to-date symlink: /home/robomaster/ros2-hik-camera/install/hik_camera/share/hik_camera/local_setup.zsh
[1.979s] -- Up-to-date symlink: /home/robomaster/ros2-hik-camera/install/hik_camera/share/hik_camera/local_setup.dsv
[1.979s] -- Symlinking: /home/robomaster/ros2-hik-camera/install/hik_camera/share/hik_camera/package.dsv
[1.985s] -- Up-to-date symlink: /home/robomaster/ros2-hik-camera/install/hik_camera/share/ament_index/resource_index/packages/hik_camera
[1.985s] -- Up-to-date symlink: /home/robomaster/ros2-hik-camera/install/hik_camera/share/ament_index/resource_index/rclcpp_components/hik_camera
[1.985s] -- Up-to-date symlink: /home/robomaster/ros2-hik-camera/install/hik_camera/share/hik_camera/cmake/ament_cmake_export_dependencies-extras.cmake
[1.985s] -- Up-to-date symlink: /home/robomaster/ros2-hik-camera/install/hik_camera/share/hik_camera/cmake/ament_cmake_export_libraries-extras.cmake
[1.985s] -- Up-to-date symlink: /home/robomaster/ros2-hik-camera/install/hik_camera/share/hik_camera/cmake/hik_cameraConfig.cmake
[1.985s] -- Up-to-date symlink: /home/robomaster/ros2-hik-camera/install/hik_camera/share/hik_camera/cmake/hik_cameraConfig-version.cmake
[1.985s] -- Up-to-date symlink: /home/robomaster/ros2-hik-camera/install/hik_camera/share/hik_camera/package.xml
[1.986s] Invoked command in '/home/robomaster/ros2-hik-camera/build/hik_camera' returned '0': CMAKE_PREFIX_PATH=/opt/ros/humble /usr/bin/cmake --install /home/robomaster/ros2-hik-camera/build/hik_camera
