[0.025s] Invoking command in '/home/robomaster/ros2-hik-camera/build/hik_camera': CMAKE_PREFIX_PATH=/opt/ros/humble /usr/bin/cmake --build /home/robomaster/ros2-hik-camera/build/hik_camera -- -j16 -l16
[0.061s] [100%] Built target hik_camera
[0.061s] [100%] Built target hik_camera_node
[0.068s] Invoked command in '/home/robomaster/ros2-hik-camera/build/hik_camera' returned '0': CMAKE_PREFIX_PATH=/opt/ros/humble /usr/bin/cmake --build /home/robomaster/ros2-hik-camera/build/hik_camera -- -j16 -l16
[0.092s] Invoking command in '/home/robomaster/ros2-hik-camera/build/hik_camera': CMAKE_PREFIX_PATH=/opt/ros/humble /usr/bin/cmake --install /home/robomaster/ros2-hik-camera/build/hik_camera
[0.097s] -- Install configuration: ""
[0.097s] -- Execute custom install script
[0.097s] -- Up-to-date symlink: /home/robomaster/ros2-hik-camera/install/hik_camera/lib/libFormatConversion.so
[0.097s] -- Up-to-date symlink: /home/robomaster/ros2-hik-camera/install/hik_camera/lib/libMVRender.so
[0.097s] -- Up-to-date symlink: /home/robomaster/ros2-hik-camera/install/hik_camera/lib/libMediaProcess.so
[0.097s] -- Up-to-date symlink: /home/robomaster/ros2-hik-camera/install/hik_camera/lib/libMvCameraControl.so
[0.097s] -- Up-to-date symlink: /home/robomaster/ros2-hik-camera/install/hik_camera/lib/libMvUsb3vTL.so
[0.097s] -- Up-to-date symlink: /home/robomaster/ros2-hik-camera/install/hik_camera/lib/hik_camera/hik_camera_node
[0.098s] -- Up-to-date symlink: /home/robomaster/ros2-hik-camera/install/hik_camera/share/hik_camera/environment/library_path.sh
[0.098s] -- Up-to-date symlink: /home/robomaster/ros2-hik-camera/install/hik_camera/share/hik_camera/environment/library_path.dsv
[0.098s] -- Up-to-date symlink: /home/robomaster/ros2-hik-camera/install/hik_camera/lib/libhik_camera.so
[0.098s] -- Up-to-date symlink: /home/robomaster/ros2-hik-camera/install/hik_camera/share/hik_camera/config/camera_info.yaml
[0.098s] -- Up-to-date symlink: /home/robomaster/ros2-hik-camera/install/hik_camera/share/hik_camera/config/camera_params.yaml
[0.098s] -- Up-to-date symlink: /home/robomaster/ros2-hik-camera/install/hik_camera/share/hik_camera/launch/hik_camera.launch.py
[0.098s] -- Up-to-date symlink: /home/robomaster/ros2-hik-camera/install/hik_camera/share/ament_index/resource_index/package_run_dependencies/hik_camera
[0.098s] -- Up-to-date symlink: /home/robomaster/ros2-hik-camera/install/hik_camera/share/ament_index/resource_index/parent_prefix_path/hik_camera
[0.098s] -- Up-to-date symlink: /home/robomaster/ros2-hik-camera/install/hik_camera/share/hik_camera/environment/ament_prefix_path.sh
[0.098s] -- Up-to-date symlink: /home/robomaster/ros2-hik-camera/install/hik_camera/share/hik_camera/environment/ament_prefix_path.dsv
[0.098s] -- Up-to-date symlink: /home/robomaster/ros2-hik-camera/install/hik_camera/share/hik_camera/environment/path.sh
[0.099s] -- Up-to-date symlink: /home/robomaster/ros2-hik-camera/install/hik_camera/share/hik_camera/environment/path.dsv
[0.099s] -- Up-to-date symlink: /home/robomaster/ros2-hik-camera/install/hik_camera/share/hik_camera/local_setup.bash
[0.099s] -- Up-to-date symlink: /home/robomaster/ros2-hik-camera/install/hik_camera/share/hik_camera/local_setup.sh
[0.099s] -- Up-to-date symlink: /home/robomaster/ros2-hik-camera/install/hik_camera/share/hik_camera/local_setup.zsh
[0.099s] -- Up-to-date symlink: /home/robomaster/ros2-hik-camera/install/hik_camera/share/hik_camera/local_setup.dsv
[0.099s] -- Symlinking: /home/robomaster/ros2-hik-camera/install/hik_camera/share/hik_camera/package.dsv
[0.105s] -- Up-to-date symlink: /home/robomaster/ros2-hik-camera/install/hik_camera/share/ament_index/resource_index/packages/hik_camera
[0.105s] -- Up-to-date symlink: /home/robomaster/ros2-hik-camera/install/hik_camera/share/ament_index/resource_index/rclcpp_components/hik_camera
[0.105s] -- Up-to-date symlink: /home/robomaster/ros2-hik-camera/install/hik_camera/share/hik_camera/cmake/ament_cmake_export_dependencies-extras.cmake
[0.105s] -- Up-to-date symlink: /home/robomaster/ros2-hik-camera/install/hik_camera/share/hik_camera/cmake/ament_cmake_export_libraries-extras.cmake
[0.105s] -- Up-to-date symlink: /home/robomaster/ros2-hik-camera/install/hik_camera/share/hik_camera/cmake/hik_cameraConfig.cmake
[0.106s] -- Up-to-date symlink: /home/robomaster/ros2-hik-camera/install/hik_camera/share/hik_camera/cmake/hik_cameraConfig-version.cmake
[0.106s] -- Up-to-date symlink: /home/robomaster/ros2-hik-camera/install/hik_camera/share/hik_camera/package.xml
[0.107s] Invoked command in '/home/robomaster/ros2-hik-camera/build/hik_camera' returned '0': CMAKE_PREFIX_PATH=/opt/ros/humble /usr/bin/cmake --install /home/robomaster/ros2-hik-camera/build/hik_camera
